<?xml version="1.0" encoding="utf-8"?><testsuites name="pytest tests"><testsuite name="pytest" errors="0" failures="0" skipped="0" tests="27" time="4.551" timestamp="2026-06-05T10:19:08.575679+00:00" hostname="agent-env-08d68b5c-cd0c-4259-81c4-bc5dc74603f3"><testcase classname="backend.tests.test_cafe_journal_api.TestHealth" name="test_root" time="0.303" /><testcase classname="backend.tests.test_cafe_journal_api.TestAuth" name="test_register_returns_token_and_user" time="0.289" /><testcase classname="backend.tests.test_cafe_journal_api.TestAuth" name="test_register_duplicate_email_returns_400" time="0.339" /><testcase classname="backend.tests.test_cafe_journal_api.TestAuth" name="test_register_short_password_returns_422" time="0.055" /><testcase classname="backend.tests.test_cafe_journal_api.TestAuth" name="test_login_valid_creds" time="0.285" /><testcase classname="backend.tests.test_cafe_journal_api.TestAuth" name="test_login_invalid_password" time="0.283" /><testcase classname="backend.tests.test_cafe_journal_api.TestAuth" name="test_login_unknown_email" time="0.055" /><testcase classname="backend.tests.test_cafe_journal_api.TestAuth" name="test_me_with_valid_token" time="0.053" /><testcase classname="backend.tests.test_cafe_journal_api.TestAuth" name="test_me_without_token" time="0.057" /><testcase classname="backend.tests.test_cafe_journal_api.TestAuth" name="test_me_with_invalid_token" time="0.061" /><testcase classname="backend.tests.test_cafe_journal_api.TestCafes" name="test_new_user_has_empty_cafe_list" time="0.324" /><testcase classname="backend.tests.test_cafe_journal_api.TestCafes" name="test_list_cafes_without_auth" time="0.049" /><testcase classname="backend.tests.test_cafe_journal_api.TestCafes" name="test_create_cafe_full_payload_and_get" time="0.104" /><testcase classname="backend.tests.test_cafe_journal_api.TestCafes" name="test_create_cafe_rating_out_of_range_high" time="0.049" /><testcase classname="backend.tests.test_cafe_journal_api.TestCafes" name="test_create_cafe_rating_out_of_range_negative" time="0.051" /><testcase classname="backend.tests.test_cafe_journal_api.TestCafes" name="test_create_cafe_without_auth" time="0.054" /><testcase classname="backend.tests.test_cafe_journal_api.TestCafes" name="test_list_returns_only_own_cafes" time="0.164" /><testcase classname="backend.tests.test_cafe_journal_api.TestCafes" name="test_get_other_users_cafe_returns_404" time="0.115" /><testcase classname="backend.tests.test_cafe_journal_api.TestCafes" name="test_get_nonexistent_cafe_returns_404" time="0.058" /><testcase classname="backend.tests.test_cafe_journal_api.TestCafes" name="test_update_cafe_partial" time="0.184" /><testcase classname="backend.tests.test_cafe_journal_api.TestCafes" name="test_update_cafe_invalid_rating" time="0.121" /><testcase classname="backend.tests.test_cafe_journal_api.TestCafes" name="test_update_other_users_cafe_returns_404" time="0.113" /><testcase classname="backend.tests.test_cafe_journal_api.TestCafes" name="test_delete_cafe_and_subsequent_get_returns_404" time="0.169" /><testcase classname="backend.tests.test_cafe_journal_api.TestCafes" name="test_delete_other_users_cafe_returns_404" time="0.107" /><testcase classname="backend.tests.test_cafe_journal_api.TestStats" name="test_stats_without_auth" time="0.055" /><testcase classname="backend.tests.test_cafe_journal_api.TestStats" name="test_stats_empty_user" time="0.336" /><testcase classname="backend.tests.test_cafe_journal_api.TestStats" name="test_stats_with_data" time="0.559" /></testsuite></testsuites>